# JRE version: OpenJDK Runtime Environment Temurin-16.0.2+7 (16.0.2+7) (build 16.0.2+7)
# Java VM: OpenJDK 64-Bit Server VM Temurin-16.0.2+7 (16.0.2+7, mixed mode, sharing, tiered, compressed oops, compressed class ptrs, g1 gc, windows-amd64)
GC Precious Log:
 CPUs: 8 total, 8 available
 Memory: 6020M
 Large Page Support: Disabled
 NUMA Support: Disabled
 Compressed Oops: Enabled (Zero based)
 Heap Region Size: 2M
 Heap Min Capacity: 8M
 Heap Initial Capacity: 96M
 Heap Max Capacity: 3G
 Pre-touch: Disabled
 Parallel Workers: 8
 Concurrent Workers: 2
 Concurrent Refinement Workers: 8
 Periodic GC: Disabled
Heap:
 garbage-first heap   total 512000K, used 251146K [0x0000000740000000, 0x0000000800000000)
  region size 2048K, 2 young (4096K), 2 survivors (4096K)
 Metaspace       used 61295K, committed 61824K, reserved 1105920K
  class space    used 8088K, committed 8384K, reserved 1048576K
GC Heap History (20 events):
Event: 28.145 GC heap after
{Heap after GC invocations=30 (full 0):
 garbage-first heap   total 239616K, used 56419K [0x0000000740000000, 0x0000000800000000)
  region size 2048K, 3 young (6144K), 3 survivors (6144K)
 Metaspace       used 58111K, committed 58688K, reserved 1105920K
  class space    used 7602K, committed 7872K, reserved 1048576K
}
Event: 31.144 GC heap before
{Heap before GC invocations=30 (full 0):
 garbage-first heap   total 239616K, used 228451K [0x0000000740000000, 0x0000000800000000)
  region size 2048K, 70 young (143360K), 3 survivors (6144K)
 Metaspace       used 61026K, committed 61568K, reserved 1105920K
  class space    used 8054K, committed 8320K, reserved 1048576K
}
Event: 31.245 GC heap after
{Heap after GC invocations=31 (full 0):
 garbage-first heap   total 294912K, used 107039K [0x0000000740000000, 0x0000000800000000)
  region size 2048K, 9 young (18432K), 9 survivors (18432K)
 Metaspace       used 61026K, committed 61568K, reserved 1105920K
  class space    used 8054K, committed 8320K, reserved 1048576K
}
Event: 31.747 GC heap before
{Heap before GC invocations=31 (full 0):
 garbage-first heap   total 294912K, used 174623K [0x0000000740000000, 0x0000000800000000)
  region size 2048K, 42 young (86016K), 9 survivors (18432K)
 Metaspace       used 61143K, committed 61696K, reserved 1105920K
  class space    used 8069K, committed 8384K, reserved 1048576K
}
Event: 31.815 GC heap after
{Heap after GC invocations=32 (full 0):
 garbage-first heap   total 294912K, used 145969K [0x0000000740000000, 0x0000000800000000)
  region size 2048K, 6 young (12288K), 6 survivors (12288K)
 Metaspace       used 61143K, committed 61696K, reserved 1105920K
  class space    used 8069K, committed 8384K, reserved 1048576K
}
Event: 32.248 GC heap before
{Heap before GC invocations=32 (full 0):
 garbage-first heap   total 294912K, used 195121K [0x0000000740000000, 0x0000000800000000)
  region size 2048K, 30 young (61440K), 6 survivors (12288K)
 Metaspace       used 61146K, committed 61696K, reserved 1105920K
  class space    used 8069K, committed 8384K, reserved 1048576K
}
Event: 32.291 GC heap after
{Heap after GC invocations=33 (full 0):
 garbage-first heap   total 294912K, used 174054K [0x0000000740000000, 0x0000000800000000)
  region size 2048K, 4 young (8192K), 4 survivors (8192K)
 Metaspace       used 61146K, committed 61696K, reserved 1105920K
  class space    used 8069K, committed 8384K, reserved 1048576K
}
Event: 32.511 GC heap before
{Heap before GC invocations=33 (full 0):
 garbage-first heap   total 294912K, used 212966K [0x0000000740000000, 0x0000000800000000)
  region size 2048K, 23 young (47104K), 4 survivors (8192K)
 Metaspace       used 61146K, committed 61696K, reserved 1105920K
  class space    used 8069K, committed 8384K, reserved 1048576K
}
Event: 32.532 GC heap after
{Heap after GC invocations=34 (full 0):
 garbage-first heap   total 505856K, used 184049K [0x0000000740000000, 0x0000000800000000)
  region size 2048K, 3 young (6144K), 3 survivors (6144K)
 Metaspace       used 61146K, committed 61696K, reserved 1105920K
  class space    used 8069K, committed 8384K, reserved 1048576K
}
Event: 33.268 GC heap before
{Heap before GC invocations=35 (full 0):
 garbage-first heap   total 505856K, used 290545K [0x0000000740000000, 0x0000000800000000)
  region size 2048K, 55 young (112640K), 3 survivors (6144K)
 Metaspace       used 61153K, committed 61760K, reserved 1105920K
  class space    used 8069K, committed 8384K, reserved 1048576K
}
Event: 33.327 GC heap after
{Heap after GC invocations=36 (full 0):
 garbage-first heap   total 505856K, used 207680K [0x0000000740000000, 0x0000000800000000)
  region size 2048K, 7 young (14336K), 7 survivors (14336K)
 Metaspace       used 61153K, committed 61760K, reserved 1105920K
  class space    used 8069K, committed 8384K, reserved 1048576K
}
Event: 33.688 GC heap before
{Heap before GC invocations=36 (full 0):
 garbage-first heap   total 505856K, used 322368K [0x0000000740000000, 0x0000000800000000)
  region size 2048K, 63 young (129024K), 7 survivors (14336K)
 Metaspace       used 61153K, committed 61760K, reserved 1105920K
  class space    used 8069K, committed 8384K, reserved 1048576K
}
Event: 33.761 GC heap after
{Heap after GC invocations=37 (full 0):
 garbage-first heap   total 505856K, used 245460K [0x0000000740000000, 0x0000000800000000)
  region size 2048K, 8 young (16384K), 8 survivors (16384K)
 Metaspace       used 61153K, committed 61760K, reserved 1105920K
  class space    used 8069K, committed 8384K, reserved 1048576K
}
Event: 34.717 GC heap before
{Heap before GC invocations=37 (full 0):
 garbage-first heap   total 505856K, used 341716K [0x0000000740000000, 0x0000000800000000)
  region size 2048K, 55 young (112640K), 8 survivors (16384K)
 Metaspace       used 61197K, committed 61760K, reserved 1105920K
  class space    used 8076K, committed 8384K, reserved 1048576K
}
Event: 34.778 GC heap after
{Heap after GC invocations=38 (full 0):
 garbage-first heap   total 505856K, used 278234K [0x0000000740000000, 0x0000000800000000)
  region size 2048K, 7 young (14336K), 7 survivors (14336K)
 Metaspace       used 61197K, committed 61760K, reserved 1105920K
  class space    used 8076K, committed 8384K, reserved 1048576K
}
Event: 35.627 GC heap before
{Heap before GC invocations=39 (full 0):
 garbage-first heap   total 512000K, used 360154K [0x0000000740000000, 0x0000000800000000)
  region size 2048K, 48 young (98304K), 7 survivors (14336K)
 Metaspace       used 61295K, committed 61824K, reserved 1105920K
  class space    used 8088K, committed 8384K, reserved 1048576K
}
Event: 35.669 GC heap after
{Heap after GC invocations=40 (full 0):
 garbage-first heap   total 512000K, used 304906K [0x0000000740000000, 0x0000000800000000)
  region size 2048K, 6 young (12288K), 6 survivors (12288K)
 Metaspace       used 61295K, committed 61824K, reserved 1105920K
  class space    used 8088K, committed 8384K, reserved 1048576K
}
Event: 35.737 GC heap before
{Heap before GC invocations=40 (full 0):
 garbage-first heap   total 512000K, used 317194K [0x0000000740000000, 0x0000000800000000)
  region size 2048K, 12 young (24576K), 6 survivors (12288K)
 Metaspace       used 61295K, committed 61824K, reserved 1105920K
  class space    used 8088K, committed 8384K, reserved 1048576K
}
Event: 35.785 GC heap after
{Heap after GC invocations=41 (full 0):
 garbage-first heap   total 512000K, used 271122K [0x0000000740000000, 0x0000000800000000)
  region size 2048K, 1 young (2048K), 1 survivors (2048K)
 Metaspace       used 61295K, committed 61824K, reserved 1105920K
  class space    used 8088K, committed 8384K, reserved 1048576K
}
Event: 35.875 GC heap before
{Heap before GC invocations=41 (full 0):
 garbage-first heap   total 512000K, used 293650K [0x0000000740000000, 0x0000000800000000)
  region size 2048K, 12 young (24576K), 1 survivors (2048K)
 Metaspace       used 61295K, committed 61824K, reserved 1105920K
  class space    used 8088K, committed 8384K, reserved 1048576K
}

