# JRE version: OpenJDK Runtime Environment Corretto-17.0.4.8.1 (17.0.4+8) (build 17.0.4+8-LTS)
# Java VM: OpenJDK 64-Bit Server VM Corretto-17.0.4.8.1 (17.0.4+8-LTS, mixed mode, sharing, tiered, compressed oops, compressed class ptrs, g1 gc, windows-amd64)
GC Precious Log:
 CPUs: 8 total, 8 available
 Memory: 6020M
 Large Page Support: Disabled
 NUMA Support: Disabled
 Compressed Oops: Enabled (Zero based)
 Heap Region Size: 2M
 Heap Min Capacity: 8M
 Heap Initial Capacity: 96M
 Heap Max Capacity: 3G
 Pre-touch: Disabled
 Parallel Workers: 8
 Concurrent Workers: 2
 Concurrent Refinement Workers: 8
 Periodic GC: Disabled
Heap:
 garbage-first heap   total 266240K, used 124057K [0x0000000740000000, 0x0000000800000000)
  region size 2048K, 4 young (8192K), 4 survivors (8192K)
 Metaspace       used 67091K, committed 67712K, reserved 1114112K
  class space    used 9064K, committed 9344K, reserved 1048576K
GC Heap History (20 events):
Event: 25.494 GC heap after
{Heap after GC invocations=34 (full 0):
 garbage-first heap   total 206848K, used 120890K [0x0000000740000000, 0x0000000800000000)
  region size 2048K, 2 young (4096K), 2 survivors (4096K)
 Metaspace       used 64256K, committed 64896K, reserved 1105920K
  class space    used 8727K, committed 9024K, reserved 1048576K
}
Event: 25.752 GC heap before
{Heap before GC invocations=35 (full 0):
 garbage-first heap   total 225280K, used 141370K [0x0000000740000000, 0x0000000800000000)
  region size 2048K, 9 young (18432K), 2 survivors (4096K)
 Metaspace       used 64492K, committed 65152K, reserved 1105920K
  class space    used 8763K, committed 9088K, reserved 1048576K
}
Event: 25.757 GC heap after
{Heap after GC invocations=36 (full 0):
 garbage-first heap   total 225280K, used 120894K [0x0000000740000000, 0x0000000800000000)
  region size 2048K, 2 young (4096K), 2 survivors (4096K)
 Metaspace       used 64492K, committed 65152K, reserved 1105920K
  class space    used 8763K, committed 9088K, reserved 1048576K
}
Event: 27.652 GC heap before
{Heap before GC invocations=37 (full 0):
 garbage-first heap   total 229376K, used 157758K [0x0000000740000000, 0x0000000800000000)
  region size 2048K, 14 young (28672K), 2 survivors (4096K)
 Metaspace       used 66002K, committed 66624K, reserved 1114112K
  class space    used 8987K, committed 9280K, reserved 1048576K
}
Event: 27.664 GC heap after
{Heap after GC invocations=38 (full 0):
 garbage-first heap   total 229376K, used 122746K [0x0000000740000000, 0x0000000800000000)
  region size 2048K, 3 young (6144K), 3 survivors (6144K)
 Metaspace       used 66002K, committed 66624K, reserved 1114112K
  class space    used 8987K, committed 9280K, reserved 1048576K
}
Event: 27.927 GC heap before
{Heap before GC invocations=39 (full 0):
 garbage-first heap   total 229376K, used 128890K [0x0000000740000000, 0x0000000800000000)
  region size 2048K, 5 young (10240K), 3 survivors (6144K)
 Metaspace       used 66165K, committed 66816K, reserved 1114112K
  class space    used 8991K, committed 9280K, reserved 1048576K
}
Event: 27.934 GC heap after
{Heap after GC invocations=40 (full 0):
 garbage-first heap   total 229376K, used 122625K [0x0000000740000000, 0x0000000800000000)
  region size 2048K, 3 young (6144K), 3 survivors (6144K)
 Metaspace       used 66165K, committed 66816K, reserved 1114112K
  class space    used 8991K, committed 9280K, reserved 1048576K
}
Event: 33.963 GC heap before
{Heap before GC invocations=41 (full 0):
 garbage-first heap   total 245760K, used 155393K [0x0000000740000000, 0x0000000800000000)
  region size 2048K, 10 young (20480K), 3 survivors (6144K)
 Metaspace       used 66563K, committed 67136K, reserved 1114112K
  class space    used 9007K, committed 9280K, reserved 1048576K
}
Event: 33.971 GC heap after
{Heap after GC invocations=42 (full 0):
 garbage-first heap   total 245760K, used 123433K [0x0000000740000000, 0x0000000800000000)
  region size 2048K, 4 young (8192K), 4 survivors (8192K)
 Metaspace       used 66563K, committed 67136K, reserved 1114112K
  class space    used 9007K, committed 9280K, reserved 1048576K
}
Event: 34.142 GC heap before
{Heap before GC invocations=43 (full 0):
 garbage-first heap   total 266240K, used 152105K [0x0000000740000000, 0x0000000800000000)
  region size 2048K, 10 young (20480K), 4 survivors (8192K)
 Metaspace       used 66612K, committed 67264K, reserved 1114112K
  class space    used 9007K, committed 9280K, reserved 1048576K
}
Event: 34.151 GC heap after
{Heap after GC invocations=44 (full 0):
 garbage-first heap   total 266240K, used 123293K [0x0000000740000000, 0x0000000800000000)
  region size 2048K, 3 young (6144K), 3 survivors (6144K)
 Metaspace       used 66612K, committed 67264K, reserved 1114112K
  class space    used 9007K, committed 9280K, reserved 1048576K
}
Event: 34.161 GC heap before
{Heap before GC invocations=44 (full 0):
 garbage-first heap   total 266240K, used 131485K [0x0000000740000000, 0x0000000800000000)
  region size 2048K, 7 young (14336K), 3 survivors (6144K)
 Metaspace       used 66614K, committed 67264K, reserved 1114112K
  class space    used 9007K, committed 9280K, reserved 1048576K
}
Event: 34.170 GC heap after
{Heap after GC invocations=45 (full 0):
 garbage-first heap   total 266240K, used 123434K [0x0000000740000000, 0x0000000800000000)
  region size 2048K, 4 young (8192K), 4 survivors (8192K)
 Metaspace       used 66614K, committed 67264K, reserved 1114112K
  class space    used 9007K, committed 9280K, reserved 1048576K
}
Event: 34.212 GC heap before
{Heap before GC invocations=45 (full 0):
 garbage-first heap   total 266240K, used 150058K [0x0000000740000000, 0x0000000800000000)
  region size 2048K, 8 young (16384K), 4 survivors (8192K)
 Metaspace       used 66624K, committed 67264K, reserved 1114112K
  class space    used 9007K, committed 9280K, reserved 1048576K
}
Event: 34.220 GC heap after
{Heap after GC invocations=46 (full 0):
 garbage-first heap   total 266240K, used 123293K [0x0000000740000000, 0x0000000800000000)
  region size 2048K, 3 young (6144K), 3 survivors (6144K)
 Metaspace       used 66624K, committed 67264K, reserved 1114112K
  class space    used 9007K, committed 9280K, reserved 1048576K
}
Event: 34.819 GC heap before
{Heap before GC invocations=46 (full 0):
 garbage-first heap   total 266240K, used 137629K [0x0000000740000000, 0x0000000800000000)
  region size 2048K, 8 young (16384K), 3 survivors (6144K)
 Metaspace       used 67043K, committed 67648K, reserved 1114112K
  class space    used 9064K, committed 9344K, reserved 1048576K
}
Event: 34.827 GC heap after
{Heap after GC invocations=47 (full 0):
 garbage-first heap   total 266240K, used 123859K [0x0000000740000000, 0x0000000800000000)
  region size 2048K, 4 young (8192K), 4 survivors (8192K)
 Metaspace       used 67043K, committed 67648K, reserved 1114112K
  class space    used 9064K, committed 9344K, reserved 1048576K
}
Event: 34.832 GC heap before
{Heap before GC invocations=47 (full 0):
 garbage-first heap   total 266240K, used 125907K [0x0000000740000000, 0x0000000800000000)
  region size 2048K, 5 young (10240K), 4 survivors (8192K)
 Metaspace       used 67045K, committed 67648K, reserved 1114112K
  class space    used 9064K, committed 9344K, reserved 1048576K
}
Event: 34.839 GC heap after
{Heap after GC invocations=48 (full 0):
 garbage-first heap   total 266240K, used 123901K [0x0000000740000000, 0x0000000800000000)
  region size 2048K, 4 young (8192K), 4 survivors (8192K)
 Metaspace       used 67045K, committed 67648K, reserved 1114112K
  class space    used 9064K, committed 9344K, reserved 1048576K
}
Event: 34.880 GC heap before
{Heap before GC invocations=48 (full 0):
 garbage-first heap   total 266240K, used 127997K [0x0000000740000000, 0x0000000800000000)
  region size 2048K, 5 young (10240K), 4 survivors (8192K)
 Metaspace       used 67091K, committed 67712K, reserved 1114112K
  class space    used 9064K, committed 9344K, reserved 1048576K
}

