# JRE version: OpenJDK Runtime Environment Corretto-17.0.4.8.1 (17.0.4+8) (build 17.0.4+8-LTS)
# Java VM: OpenJDK 64-Bit Server VM Corretto-17.0.4.8.1 (17.0.4+8-LTS, mixed mode, sharing, tiered, compressed oops, compressed class ptrs, g1 gc, windows-amd64)
GC Precious Log:
 CPUs: 8 total, 8 available
 Memory: 6020M
 Large Page Support: Disabled
 NUMA Support: Disabled
 Compressed Oops: Enabled (Zero based)
 Heap Region Size: 2M
 Heap Min Capacity: 8M
 Heap Initial Capacity: 96M
 Heap Max Capacity: 3G
 Pre-touch: Disabled
 Parallel Workers: 8
 Concurrent Workers: 2
 Concurrent Refinement Workers: 8
 Periodic GC: Disabled
Heap:
 garbage-first heap   total 260096K, used 119184K [0x0000000740000000, 0x0000000800000000)
  region size 2048K, 2 young (4096K), 2 survivors (4096K)
 Metaspace       used 58762K, committed 59456K, reserved 1105920K
  class space    used 8025K, committed 8320K, reserved 1048576K
GC Heap History (20 events):
Event: 17.282 GC heap after
{Heap after GC invocations=32 (full 0):
 garbage-first heap   total 215040K, used 116028K [0x0000000740000000, 0x0000000800000000)
  region size 2048K, 2 young (4096K), 2 survivors (4096K)
 Metaspace       used 55337K, committed 55936K, reserved 1097728K
  class space    used 7601K, committed 7872K, reserved 1048576K
}
Event: 17.393 GC heap before
{Heap before GC invocations=33 (full 0):
 garbage-first heap   total 215040K, used 120124K [0x0000000740000000, 0x0000000800000000)
  region size 2048K, 3 young (6144K), 2 survivors (4096K)
 Metaspace       used 55465K, committed 56064K, reserved 1097728K
  class space    used 7612K, committed 7872K, reserved 1048576K
}
Event: 17.397 GC heap after
{Heap after GC invocations=34 (full 0):
 garbage-first heap   total 215040K, used 116033K [0x0000000740000000, 0x0000000800000000)
  region size 2048K, 2 young (4096K), 2 survivors (4096K)
 Metaspace       used 55465K, committed 56064K, reserved 1097728K
  class space    used 7612K, committed 7872K, reserved 1048576K
}
Event: 17.505 GC heap before
{Heap before GC invocations=35 (full 0):
 garbage-first heap   total 215040K, used 124225K [0x0000000740000000, 0x0000000800000000)
  region size 2048K, 3 young (6144K), 2 survivors (4096K)
 Metaspace       used 55483K, committed 56064K, reserved 1097728K
  class space    used 7614K, committed 7872K, reserved 1048576K
}
Event: 17.510 GC heap after
{Heap after GC invocations=36 (full 0):
 garbage-first heap   total 215040K, used 115886K [0x0000000740000000, 0x0000000800000000)
  region size 2048K, 2 young (4096K), 2 survivors (4096K)
 Metaspace       used 55483K, committed 56064K, reserved 1097728K
  class space    used 7614K, committed 7872K, reserved 1048576K
}
Event: 18.822 GC heap before
{Heap before GC invocations=37 (full 0):
 garbage-first heap   total 215040K, used 140462K [0x0000000740000000, 0x0000000800000000)
  region size 2048K, 14 young (28672K), 2 survivors (4096K)
 Metaspace       used 57124K, committed 57728K, reserved 1105920K
  class space    used 7868K, committed 8128K, reserved 1048576K
}
Event: 18.829 GC heap after
{Heap after GC invocations=38 (full 0):
 garbage-first heap   total 215040K, used 117779K [0x0000000740000000, 0x0000000800000000)
  region size 2048K, 3 young (6144K), 3 survivors (6144K)
 Metaspace       used 57124K, committed 57728K, reserved 1105920K
  class space    used 7868K, committed 8128K, reserved 1048576K
}
Event: 19.025 GC heap before
{Heap before GC invocations=39 (full 0):
 garbage-first heap   total 215040K, used 125971K [0x0000000740000000, 0x0000000800000000)
  region size 2048K, 6 young (12288K), 3 survivors (6144K)
 Metaspace       used 58044K, committed 58624K, reserved 1105920K
  class space    used 7952K, committed 8192K, reserved 1048576K
}
Event: 19.029 GC heap after
{Heap after GC invocations=40 (full 0):
 garbage-first heap   total 215040K, used 117963K [0x0000000740000000, 0x0000000800000000)
  region size 2048K, 3 young (6144K), 3 survivors (6144K)
 Metaspace       used 58044K, committed 58624K, reserved 1105920K
  class space    used 7952K, committed 8192K, reserved 1048576K
}
Event: 19.379 GC heap before
{Heap before GC invocations=41 (full 0):
 garbage-first heap   total 239616K, used 148683K [0x0000000740000000, 0x0000000800000000)
  region size 2048K, 9 young (18432K), 3 survivors (6144K)
 Metaspace       used 58290K, committed 58816K, reserved 1105920K
  class space    used 7968K, committed 8192K, reserved 1048576K
}
Event: 19.385 GC heap after
{Heap after GC invocations=42 (full 0):
 garbage-first heap   total 239616K, used 118776K [0x0000000740000000, 0x0000000800000000)
  region size 2048K, 2 young (4096K), 2 survivors (4096K)
 Metaspace       used 58290K, committed 58816K, reserved 1105920K
  class space    used 7968K, committed 8192K, reserved 1048576K
}
Event: 19.542 GC heap before
{Heap before GC invocations=43 (full 0):
 garbage-first heap   total 260096K, used 172024K [0x0000000740000000, 0x0000000800000000)
  region size 2048K, 9 young (18432K), 2 survivors (4096K)
 Metaspace       used 58331K, committed 58944K, reserved 1105920K
  class space    used 7968K, committed 8192K, reserved 1048576K
}
Event: 19.546 GC heap after
{Heap after GC invocations=44 (full 0):
 garbage-first heap   total 260096K, used 118654K [0x0000000740000000, 0x0000000800000000)
  region size 2048K, 2 young (4096K), 2 survivors (4096K)
 Metaspace       used 58331K, committed 58944K, reserved 1105920K
  class space    used 7968K, committed 8192K, reserved 1048576K
}
Event: 19.666 GC heap before
{Heap before GC invocations=44 (full 0):
 garbage-first heap   total 260096K, used 128894K [0x0000000740000000, 0x0000000800000000)
  region size 2048K, 5 young (10240K), 2 survivors (4096K)
 Metaspace       used 58701K, committed 59328K, reserved 1105920K
  class space    used 8025K, committed 8320K, reserved 1048576K
}
Event: 19.671 GC heap after
{Heap after GC invocations=45 (full 0):
 garbage-first heap   total 260096K, used 119177K [0x0000000740000000, 0x0000000800000000)
  region size 2048K, 2 young (4096K), 2 survivors (4096K)
 Metaspace       used 58701K, committed 59328K, reserved 1105920K
  class space    used 8025K, committed 8320K, reserved 1048576K
}
Event: 19.677 GC heap before
{Heap before GC invocations=45 (full 0):
 garbage-first heap   total 260096K, used 121225K [0x0000000740000000, 0x0000000800000000)
  region size 2048K, 3 young (6144K), 2 survivors (4096K)
 Metaspace       used 58701K, committed 59328K, reserved 1105920K
  class space    used 8025K, committed 8320K, reserved 1048576K
}
Event: 19.681 GC heap after
{Heap after GC invocations=46 (full 0):
 garbage-first heap   total 260096K, used 118995K [0x0000000740000000, 0x0000000800000000)
  region size 2048K, 2 young (4096K), 2 survivors (4096K)
 Metaspace       used 58701K, committed 59328K, reserved 1105920K
  class space    used 8025K, committed 8320K, reserved 1048576K
}
Event: 19.725 GC heap before
{Heap before GC invocations=46 (full 0):
 garbage-first heap   total 260096K, used 123091K [0x0000000740000000, 0x0000000800000000)
  region size 2048K, 3 young (6144K), 2 survivors (4096K)
 Metaspace       used 58757K, committed 59456K, reserved 1105920K
  class space    used 8025K, committed 8320K, reserved 1048576K
}
Event: 19.731 GC heap after
{Heap after GC invocations=47 (full 0):
 garbage-first heap   total 260096K, used 119406K [0x0000000740000000, 0x0000000800000000)
  region size 2048K, 2 young (4096K), 2 survivors (4096K)
 Metaspace       used 58757K, committed 59456K, reserved 1105920K
  class space    used 8025K, committed 8320K, reserved 1048576K
}
Event: 19.745 GC heap before
{Heap before GC invocations=47 (full 0):
 garbage-first heap   total 260096K, used 125550K [0x0000000740000000, 0x0000000800000000)
  region size 2048K, 3 young (6144K), 2 survivors (4096K)
 Metaspace       used 58762K, committed 59456K, reserved 1105920K
  class space    used 8025K, committed 8320K, reserved 1048576K
}

