# JRE version: OpenJDK Runtime Environment Temurin-16.0.2+7 (16.0.2+7) (build 16.0.2+7)
# Java VM: OpenJDK 64-Bit Server VM Temurin-16.0.2+7 (16.0.2+7, mixed mode, sharing, tiered, compressed oops, compressed class ptrs, g1 gc, windows-amd64)
GC Precious Log:
 CPUs: 8 total, 8 available
 Memory: 6020M
 Large Page Support: Disabled
 NUMA Support: Disabled
 Compressed Oops: Enabled (Zero based)
 Heap Region Size: 2M
 Heap Min Capacity: 8M
 Heap Initial Capacity: 96M
 Heap Max Capacity: 3G
 Pre-touch: Disabled
 Parallel Workers: 8
 Concurrent Workers: 2
 Concurrent Refinement Workers: 8
 Periodic GC: Disabled
Heap:
 garbage-first heap   total 428032K, used 254435K [0x0000000740000000, 0x0000000800000000)
  region size 2048K, 6 young (12288K), 6 survivors (12288K)
 Metaspace       used 61131K, committed 61696K, reserved 1105920K
  class space    used 8057K, committed 8320K, reserved 1048576K
GC Heap History (20 events):
Event: 21.330 GC heap after
{Heap after GC invocations=27 (full 0):
 garbage-first heap   total 120832K, used 49334K [0x0000000740000000, 0x0000000800000000)
  region size 2048K, 2 young (4096K), 2 survivors (4096K)
 Metaspace       used 57451K, committed 57984K, reserved 1105920K
  class space    used 7534K, committed 7808K, reserved 1048576K
}
Event: 21.338 GC heap before
{Heap before GC invocations=27 (full 0):
 garbage-first heap   total 120832K, used 55478K [0x0000000740000000, 0x0000000800000000)
  region size 2048K, 5 young (10240K), 2 survivors (4096K)
 Metaspace       used 57454K, committed 57984K, reserved 1105920K
  class space    used 7534K, committed 7808K, reserved 1048576K
}
Event: 21.343 GC heap after
{Heap after GC invocations=28 (full 0):
 garbage-first heap   total 120832K, used 49323K [0x0000000740000000, 0x0000000800000000)
  region size 2048K, 2 young (4096K), 2 survivors (4096K)
 Metaspace       used 57454K, committed 57984K, reserved 1105920K
  class space    used 7534K, committed 7808K, reserved 1048576K
}
Event: 21.387 GC heap before
{Heap before GC invocations=28 (full 0):
 garbage-first heap   total 120832K, used 73899K [0x0000000740000000, 0x0000000800000000)
  region size 2048K, 5 young (10240K), 2 survivors (4096K)
 Metaspace       used 57471K, committed 57984K, reserved 1105920K
  class space    used 7534K, committed 7808K, reserved 1048576K
}
Event: 21.393 GC heap after
{Heap after GC invocations=29 (full 0):
 garbage-first heap   total 241664K, used 49334K [0x0000000740000000, 0x0000000800000000)
  region size 2048K, 2 young (4096K), 2 survivors (4096K)
 Metaspace       used 57471K, committed 57984K, reserved 1105920K
  class space    used 7534K, committed 7808K, reserved 1048576K
}
Event: 21.681 GC heap before
{Heap before GC invocations=29 (full 0):
 garbage-first heap   total 241664K, used 116918K [0x0000000740000000, 0x0000000800000000)
  region size 2048K, 7 young (14336K), 2 survivors (4096K)
 Metaspace       used 57926K, committed 58496K, reserved 1105920K
  class space    used 7595K, committed 7872K, reserved 1048576K
}
Event: 21.686 GC heap after
{Heap after GC invocations=30 (full 0):
 garbage-first heap   total 241664K, used 49814K [0x0000000740000000, 0x0000000800000000)
  region size 2048K, 3 young (6144K), 3 survivors (6144K)
 Metaspace       used 57926K, committed 58496K, reserved 1105920K
  class space    used 7595K, committed 7872K, reserved 1048576K
}
Event: 21.930 GC heap before
{Heap before GC invocations=30 (full 0):
 garbage-first heap   total 241664K, used 117398K [0x0000000740000000, 0x0000000800000000)
  region size 2048K, 7 young (14336K), 3 survivors (6144K)
 Metaspace       used 58087K, committed 58624K, reserved 1105920K
  class space    used 7596K, committed 7872K, reserved 1048576K
}
Event: 21.936 GC heap after
{Heap after GC invocations=31 (full 0):
 garbage-first heap   total 241664K, used 49768K [0x0000000740000000, 0x0000000800000000)
  region size 2048K, 3 young (6144K), 3 survivors (6144K)
 Metaspace       used 58087K, committed 58624K, reserved 1105920K
  class space    used 7596K, committed 7872K, reserved 1048576K
}
Event: 23.749 GC heap before
{Heap before GC invocations=31 (full 0):
 garbage-first heap   total 241664K, used 236136K [0x0000000740000000, 0x0000000800000000)
  region size 2048K, 66 young (135168K), 3 survivors (6144K)
 Metaspace       used 60975K, committed 61504K, reserved 1105920K
  class space    used 8039K, committed 8320K, reserved 1048576K
}
Event: 23.821 GC heap after
{Heap after GC invocations=32 (full 0):
 garbage-first heap   total 299008K, used 101500K [0x0000000740000000, 0x0000000800000000)
  region size 2048K, 9 young (18432K), 9 survivors (18432K)
 Metaspace       used 60975K, committed 61504K, reserved 1105920K
  class space    used 8039K, committed 8320K, reserved 1048576K
}
Event: 24.418 GC heap before
{Heap before GC invocations=32 (full 0):
 garbage-first heap   total 299008K, used 171132K [0x0000000740000000, 0x0000000800000000)
  region size 2048K, 43 young (88064K), 9 survivors (18432K)
 Metaspace       used 61092K, committed 61632K, reserved 1105920K
  class space    used 8054K, committed 8320K, reserved 1048576K
}
Event: 24.479 GC heap after
{Heap after GC invocations=33 (full 0):
 garbage-first heap   total 428032K, used 138229K [0x0000000740000000, 0x0000000800000000)
  region size 2048K, 6 young (12288K), 6 survivors (12288K)
 Metaspace       used 61092K, committed 61632K, reserved 1105920K
  class space    used 8054K, committed 8320K, reserved 1048576K
}
Event: 25.119 GC heap before
{Heap before GC invocations=33 (full 0):
 garbage-first heap   total 428032K, used 240629K [0x0000000740000000, 0x0000000800000000)
  region size 2048K, 56 young (114688K), 6 survivors (12288K)
 Metaspace       used 61097K, committed 61632K, reserved 1105920K
  class space    used 8054K, committed 8320K, reserved 1048576K
}
Event: 25.176 GC heap after
{Heap after GC invocations=34 (full 0):
 garbage-first heap   total 428032K, used 176920K [0x0000000740000000, 0x0000000800000000)
  region size 2048K, 7 young (14336K), 7 survivors (14336K)
 Metaspace       used 61097K, committed 61632K, reserved 1105920K
  class space    used 8054K, committed 8320K, reserved 1048576K
}
Event: 25.396 GC heap before
{Heap before GC invocations=34 (full 0):
 garbage-first heap   total 428032K, used 262936K [0x0000000740000000, 0x0000000800000000)
  region size 2048K, 49 young (100352K), 7 survivors (14336K)
 Metaspace       used 61101K, committed 61632K, reserved 1105920K
  class space    used 8054K, committed 8320K, reserved 1048576K
}
Event: 25.427 GC heap after
{Heap after GC invocations=35 (full 0):
 garbage-first heap   total 428032K, used 195573K [0x0000000740000000, 0x0000000800000000)
  region size 2048K, 7 young (14336K), 7 survivors (14336K)
 Metaspace       used 61101K, committed 61632K, reserved 1105920K
  class space    used 8054K, committed 8320K, reserved 1048576K
}
Event: 25.614 GC heap before
{Heap before GC invocations=35 (full 0):
 garbage-first heap   total 428032K, used 285685K [0x0000000740000000, 0x0000000800000000)
  region size 2048K, 51 young (104448K), 7 survivors (14336K)
 Metaspace       used 61101K, committed 61632K, reserved 1105920K
  class space    used 8054K, committed 8320K, reserved 1048576K
}
Event: 25.639 GC heap after
{Heap after GC invocations=36 (full 0):
 garbage-first heap   total 428032K, used 217167K [0x0000000740000000, 0x0000000800000000)
  region size 2048K, 7 young (14336K), 7 survivors (14336K)
 Metaspace       used 61101K, committed 61632K, reserved 1105920K
  class space    used 8054K, committed 8320K, reserved 1048576K
}
Event: 26.084 GC heap before
{Heap before GC invocations=36 (full 0):
 garbage-first heap   total 428032K, used 301135K [0x0000000740000000, 0x0000000800000000)
  region size 2048K, 48 young (98304K), 7 survivors (14336K)
 Metaspace       used 61131K, committed 61696K, reserved 1105920K
  class space    used 8057K, committed 8320K, reserved 1048576K
}

