# JRE version: OpenJDK Runtime Environment Temurin-17.0.4.1+1 (17.0.4.1+1) (build 17.0.4.1+1)
# Java VM: OpenJDK 64-Bit Server VM Temurin-17.0.4.1+1 (17.0.4.1+1, mixed mode, sharing, tiered, compressed oops, compressed class ptrs, g1 gc, windows-amd64)
GC Precious Log:
 CPUs: 8 total, 8 available
 Memory: 6020M
 Large Page Support: Disabled
 NUMA Support: Disabled
 Compressed Oops: Enabled (Zero based)
 Heap Region Size: 2M
 Heap Min Capacity: 8M
 Heap Initial Capacity: 96M
 Heap Max Capacity: 3G
 Pre-touch: Disabled
 Parallel Workers: 8
 Concurrent Workers: 2
 Concurrent Refinement Workers: 8
 Periodic GC: Disabled
Heap:
 garbage-first heap   total 126976K, used 79772K [0x0000000740000000, 0x0000000800000000)
  region size 2048K, 7 young (14336K), 2 survivors (4096K)
 Metaspace       used 56918K, committed 57472K, reserved 1105920K
  class space    used 7694K, committed 7936K, reserved 1048576K
GC Heap History (20 events):
Event: 24.331 GC heap before
{Heap before GC invocations=13 (full 0):
 garbage-first heap   total 90112K, used 69119K [0x0000000740000000, 0x0000000800000000)
  region size 2048K, 17 young (34816K), 3 survivors (6144K)
 Metaspace       used 50668K, committed 51136K, reserved 1097728K
  class space    used 6858K, committed 7104K, reserved 1048576K
}
Event: 24.339 GC heap after
{Heap after GC invocations=14 (full 0):
 garbage-first heap   total 90112K, used 43247K [0x0000000740000000, 0x0000000800000000)
  region size 2048K, 2 young (4096K), 2 survivors (4096K)
 Metaspace       used 50668K, committed 51136K, reserved 1097728K
  class space    used 6858K, committed 7104K, reserved 1048576K
}
Event: 25.163 GC heap before
{Heap before GC invocations=14 (full 0):
 garbage-first heap   total 90112K, used 67823K [0x0000000740000000, 0x0000000800000000)
  region size 2048K, 14 young (28672K), 2 survivors (4096K)
 Metaspace       used 51390K, committed 51968K, reserved 1097728K
  class space    used 6983K, committed 7232K, reserved 1048576K
}
Event: 25.170 GC heap after
{Heap after GC invocations=15 (full 0):
 garbage-first heap   total 90112K, used 46145K [0x0000000740000000, 0x0000000800000000)
  region size 2048K, 2 young (4096K), 2 survivors (4096K)
 Metaspace       used 51390K, committed 51968K, reserved 1097728K
  class space    used 6983K, committed 7232K, reserved 1048576K
}
Event: 25.857 GC heap before
{Heap before GC invocations=16 (full 0):
 garbage-first heap   total 90112K, used 68673K [0x0000000740000000, 0x0000000800000000)
  region size 2048K, 13 young (26624K), 2 survivors (4096K)
 Metaspace       used 52397K, committed 52928K, reserved 1097728K
  class space    used 7130K, committed 7360K, reserved 1048576K
}
Event: 25.863 GC heap after
{Heap after GC invocations=17 (full 0):
 garbage-first heap   total 90112K, used 48055K [0x0000000740000000, 0x0000000800000000)
  region size 2048K, 1 young (2048K), 1 survivors (2048K)
 Metaspace       used 52397K, committed 52928K, reserved 1097728K
  class space    used 7130K, committed 7360K, reserved 1048576K
}
Event: 26.555 GC heap before
{Heap before GC invocations=17 (full 0):
 garbage-first heap   total 90112K, used 50103K [0x0000000740000000, 0x0000000800000000)
  region size 2048K, 3 young (6144K), 1 survivors (2048K)
 Metaspace       used 52939K, committed 53504K, reserved 1097728K
  class space    used 7214K, committed 7488K, reserved 1048576K
}
Event: 26.558 GC heap after
{Heap after GC invocations=18 (full 0):
 garbage-first heap   total 90112K, used 48232K [0x0000000740000000, 0x0000000800000000)
  region size 2048K, 2 young (4096K), 2 survivors (4096K)
 Metaspace       used 52939K, committed 53504K, reserved 1097728K
  class space    used 7214K, committed 7488K, reserved 1048576K
}
Event: 27.388 GC heap before
{Heap before GC invocations=19 (full 0):
 garbage-first heap   total 102400K, used 68712K [0x0000000740000000, 0x0000000800000000)
  region size 2048K, 9 young (18432K), 2 survivors (4096K)
 Metaspace       used 53221K, committed 53760K, reserved 1097728K
  class space    used 7254K, committed 7488K, reserved 1048576K
}
Event: 27.393 GC heap after
{Heap after GC invocations=20 (full 0):
 garbage-first heap   total 102400K, used 48275K [0x0000000740000000, 0x0000000800000000)
  region size 2048K, 1 young (2048K), 1 survivors (2048K)
 Metaspace       used 53221K, committed 53760K, reserved 1097728K
  class space    used 7254K, committed 7488K, reserved 1048576K
}
Event: 28.018 GC heap before
{Heap before GC invocations=21 (full 0):
 garbage-first heap   total 102400K, used 52371K [0x0000000740000000, 0x0000000800000000)
  region size 2048K, 2 young (4096K), 1 survivors (2048K)
 Metaspace       used 53355K, committed 53824K, reserved 1097728K
  class space    used 7267K, committed 7488K, reserved 1048576K
}
Event: 28.020 GC heap after
{Heap after GC invocations=22 (full 0):
 garbage-first heap   total 102400K, used 48305K [0x0000000740000000, 0x0000000800000000)
  region size 2048K, 1 young (2048K), 1 survivors (2048K)
 Metaspace       used 53355K, committed 53824K, reserved 1097728K
  class space    used 7267K, committed 7488K, reserved 1048576K
}
Event: 28.143 GC heap before
{Heap before GC invocations=23 (full 0):
 garbage-first heap   total 102400K, used 54449K [0x0000000740000000, 0x0000000800000000)
  region size 2048K, 2 young (4096K), 1 survivors (2048K)
 Metaspace       used 53359K, committed 53824K, reserved 1097728K
  class space    used 7267K, committed 7488K, reserved 1048576K
}
Event: 28.146 GC heap after
{Heap after GC invocations=24 (full 0):
 garbage-first heap   total 102400K, used 48271K [0x0000000740000000, 0x0000000800000000)
  region size 2048K, 1 young (2048K), 1 survivors (2048K)
 Metaspace       used 53359K, committed 53824K, reserved 1097728K
  class space    used 7267K, committed 7488K, reserved 1048576K
}
Event: 35.317 GC heap before
{Heap before GC invocations=25 (full 0):
 garbage-first heap   total 102400K, used 76943K [0x0000000740000000, 0x0000000800000000)
  region size 2048K, 14 young (28672K), 1 survivors (2048K)
 Metaspace       used 55116K, committed 55680K, reserved 1097728K
  class space    used 7529K, committed 7808K, reserved 1048576K
}
Event: 35.325 GC heap after
{Heap after GC invocations=26 (full 0):
 garbage-first heap   total 102400K, used 50035K [0x0000000740000000, 0x0000000800000000)
  region size 2048K, 2 young (4096K), 2 survivors (4096K)
 Metaspace       used 55116K, committed 55680K, reserved 1097728K
  class space    used 7529K, committed 7808K, reserved 1048576K
}
Event: 36.329 GC heap before
{Heap before GC invocations=27 (full 0):
 garbage-first heap   total 102400K, used 58227K [0x0000000740000000, 0x0000000800000000)
  region size 2048K, 5 young (10240K), 2 survivors (4096K)
 Metaspace       used 56060K, committed 56576K, reserved 1097728K
  class space    used 7613K, committed 7872K, reserved 1048576K
}
Event: 36.333 GC heap after
{Heap after GC invocations=28 (full 0):
 garbage-first heap   total 102400K, used 50307K [0x0000000740000000, 0x0000000800000000)
  region size 2048K, 2 young (4096K), 2 survivors (4096K)
 Metaspace       used 56060K, committed 56576K, reserved 1097728K
  class space    used 7613K, committed 7872K, reserved 1048576K
}
Event: 38.762 GC heap before
{Heap before GC invocations=29 (full 0):
 garbage-first heap   total 126976K, used 81027K [0x0000000740000000, 0x0000000800000000)
  region size 2048K, 8 young (16384K), 2 survivors (4096K)
 Metaspace       used 56418K, committed 56960K, reserved 1105920K
  class space    used 7630K, committed 7872K, reserved 1048576K
}
Event: 38.770 GC heap after
{Heap after GC invocations=30 (full 0):
 garbage-first heap   total 126976K, used 51100K [0x0000000740000000, 0x0000000800000000)
  region size 2048K, 2 young (4096K), 2 survivors (4096K)
 Metaspace       used 56418K, committed 56960K, reserved 1105920K
  class space    used 7630K, committed 7872K, reserved 1048576K
}

