# JRE version: OpenJDK Runtime Environment Corretto-17.0.4.8.1 (17.0.4+8) (build 17.0.4+8-LTS)
# Java VM: OpenJDK 64-Bit Server VM Corretto-17.0.4.8.1 (17.0.4+8-LTS, mixed mode, sharing, tiered, compressed oops, compressed class ptrs, g1 gc, windows-amd64)
GC Precious Log:
 CPUs: 8 total, 8 available
 Memory: 6020M
 Large Page Support: Disabled
 NUMA Support: Disabled
 Compressed Oops: Enabled (Zero based)
 Heap Region Size: 2M
 Heap Min Capacity: 8M
 Heap Initial Capacity: 96M
 Heap Max Capacity: 3G
 Pre-touch: Disabled
 Parallel Workers: 8
 Concurrent Workers: 2
 Concurrent Refinement Workers: 8
 Periodic GC: Disabled
Heap:
 garbage-first heap   total 215040K, used 135888K [0x0000000740000000, 0x0000000800000000)
  region size 2048K, 3 young (6144K), 2 survivors (4096K)
 Metaspace       used 58122K, committed 58688K, reserved 1105920K
  class space    used 7953K, committed 8192K, reserved 1048576K
GC Heap History (20 events):
Event: 8.497 GC heap before
{Heap before GC invocations=18 (full 0):
 garbage-first heap   total 178176K, used 82316K [0x0000000740000000, 0x0000000800000000)
  region size 2048K, 2 young (4096K), 1 survivors (2048K)
 Metaspace       used 34285K, committed 34752K, reserved 1081344K
  class space    used 4789K, committed 4992K, reserved 1048576K
}
Event: 8.500 GC heap after
{Heap after GC invocations=19 (full 0):
 garbage-first heap   total 178176K, used 82662K [0x0000000740000000, 0x0000000800000000)
  region size 2048K, 1 young (2048K), 1 survivors (2048K)
 Metaspace       used 34285K, committed 34752K, reserved 1081344K
  class space    used 4789K, committed 4992K, reserved 1048576K
}
Event: 9.289 GC heap before
{Heap before GC invocations=20 (full 0):
 garbage-first heap   total 178176K, used 115430K [0x0000000740000000, 0x0000000800000000)
  region size 2048K, 17 young (34816K), 1 survivors (2048K)
 Metaspace       used 37677K, committed 38208K, reserved 1089536K
  class space    used 5162K, committed 5376K, reserved 1048576K
}
Event: 9.299 GC heap after
{Heap after GC invocations=21 (full 0):
 garbage-first heap   total 178176K, used 90029K [0x0000000740000000, 0x0000000800000000)
  region size 2048K, 3 young (6144K), 3 survivors (6144K)
 Metaspace       used 37677K, committed 38208K, reserved 1089536K
  class space    used 5162K, committed 5376K, reserved 1048576K
}
Event: 11.858 GC heap before
{Heap before GC invocations=22 (full 0):
 garbage-first heap   total 178176K, used 145325K [0x0000000740000000, 0x0000000800000000)
  region size 2048K, 27 young (55296K), 3 survivors (6144K)
 Metaspace       used 41214K, committed 41728K, reserved 1089536K
  class space    used 5728K, committed 5952K, reserved 1048576K
}
Event: 11.870 GC heap after
{Heap after GC invocations=23 (full 0):
 garbage-first heap   total 178176K, used 100236K [0x0000000740000000, 0x0000000800000000)
  region size 2048K, 4 young (8192K), 4 survivors (8192K)
 Metaspace       used 41214K, committed 41728K, reserved 1089536K
  class space    used 5728K, committed 5952K, reserved 1048576K
}
Event: 17.729 GC heap before
{Heap before GC invocations=23 (full 0):
 garbage-first heap   total 178176K, used 133004K [0x0000000740000000, 0x0000000800000000)
  region size 2048K, 21 young (43008K), 4 survivors (8192K)
 Metaspace       used 48600K, committed 49152K, reserved 1097728K
  class space    used 6611K, committed 6848K, reserved 1048576K
}
Event: 17.738 GC heap after
{Heap after GC invocations=24 (full 0):
 garbage-first heap   total 178176K, used 104133K [0x0000000740000000, 0x0000000800000000)
  region size 2048K, 4 young (8192K), 4 survivors (8192K)
 Metaspace       used 48600K, committed 49152K, reserved 1097728K
  class space    used 6611K, committed 6848K, reserved 1048576K
}
Event: 19.359 GC heap before
{Heap before GC invocations=25 (full 0):
 garbage-first heap   total 182272K, used 147141K [0x0000000740000000, 0x0000000800000000)
  region size 2048K, 24 young (49152K), 4 survivors (8192K)
 Metaspace       used 52880K, committed 53504K, reserved 1097728K
  class space    used 7219K, committed 7488K, reserved 1048576K
}
Event: 19.369 GC heap after
{Heap after GC invocations=26 (full 0):
 garbage-first heap   total 182272K, used 109578K [0x0000000740000000, 0x0000000800000000)
  region size 2048K, 2 young (4096K), 2 survivors (4096K)
 Metaspace       used 52880K, committed 53504K, reserved 1097728K
  class space    used 7219K, committed 7488K, reserved 1048576K
}
Event: 20.351 GC heap before
{Heap before GC invocations=26 (full 0):
 garbage-first heap   total 182272K, used 148490K [0x0000000740000000, 0x0000000800000000)
  region size 2048K, 22 young (45056K), 2 survivors (4096K)
 Metaspace       used 55067K, committed 55616K, reserved 1097728K
  class space    used 7558K, committed 7808K, reserved 1048576K
}
Event: 20.359 GC heap after
{Heap after GC invocations=27 (full 0):
 garbage-first heap   total 182272K, used 113316K [0x0000000740000000, 0x0000000800000000)
  region size 2048K, 2 young (4096K), 2 survivors (4096K)
 Metaspace       used 55067K, committed 55616K, reserved 1097728K
  class space    used 7558K, committed 7808K, reserved 1048576K
}
Event: 20.766 GC heap before
{Heap before GC invocations=28 (full 0):
 garbage-first heap   total 208896K, used 133796K [0x0000000740000000, 0x0000000800000000)
  region size 2048K, 9 young (18432K), 2 survivors (4096K)
 Metaspace       used 55361K, committed 56000K, reserved 1097728K
  class space    used 7599K, committed 7872K, reserved 1048576K
}
Event: 20.771 GC heap after
{Heap after GC invocations=29 (full 0):
 garbage-first heap   total 208896K, used 113665K [0x0000000740000000, 0x0000000800000000)
  region size 2048K, 1 young (2048K), 1 survivors (2048K)
 Metaspace       used 55361K, committed 56000K, reserved 1097728K
  class space    used 7599K, committed 7872K, reserved 1048576K
}
Event: 20.902 GC heap before
{Heap before GC invocations=30 (full 0):
 garbage-first heap   total 208896K, used 117761K [0x0000000740000000, 0x0000000800000000)
  region size 2048K, 2 young (4096K), 1 survivors (2048K)
 Metaspace       used 55488K, committed 56064K, reserved 1097728K
  class space    used 7610K, committed 7872K, reserved 1048576K
}
Event: 20.904 GC heap after
{Heap after GC invocations=31 (full 0):
 garbage-first heap   total 208896K, used 113365K [0x0000000740000000, 0x0000000800000000)
  region size 2048K, 1 young (2048K), 1 survivors (2048K)
 Metaspace       used 55488K, committed 56064K, reserved 1097728K
  class space    used 7610K, committed 7872K, reserved 1048576K
}
Event: 23.644 GC heap before
{Heap before GC invocations=32 (full 0):
 garbage-first heap   total 215040K, used 146133K [0x0000000740000000, 0x0000000800000000)
  region size 2048K, 13 young (26624K), 1 survivors (2048K)
 Metaspace       used 57152K, committed 57792K, reserved 1105920K
  class space    used 7863K, committed 8128K, reserved 1048576K
}
Event: 23.654 GC heap after
{Heap after GC invocations=33 (full 0):
 garbage-first heap   total 215040K, used 115014K [0x0000000740000000, 0x0000000800000000)
  region size 2048K, 1 young (2048K), 1 survivors (2048K)
 Metaspace       used 57152K, committed 57792K, reserved 1105920K
  class space    used 7863K, committed 8128K, reserved 1048576K
}
Event: 24.029 GC heap before
{Heap before GC invocations=34 (full 0):
 garbage-first heap   total 215040K, used 123206K [0x0000000740000000, 0x0000000800000000)
  region size 2048K, 4 young (8192K), 1 survivors (2048K)
 Metaspace       used 58087K, committed 58688K, reserved 1105920K
  class space    used 7949K, committed 8192K, reserved 1048576K
}
Event: 24.033 GC heap after
{Heap after GC invocations=35 (full 0):
 garbage-first heap   total 215040K, used 115408K [0x0000000740000000, 0x0000000800000000)
  region size 2048K, 2 young (4096K), 2 survivors (4096K)
 Metaspace       used 58087K, committed 58688K, reserved 1105920K
  class space    used 7949K, committed 8192K, reserved 1048576K
}

