# JRE version: OpenJDK Runtime Environment Temurin-17.0.4.1+1 (17.0.4.1+1) (build 17.0.4.1+1)
# Java VM: OpenJDK 64-Bit Server VM Temurin-17.0.4.1+1 (17.0.4.1+1, mixed mode, sharing, tiered, compressed oops, compressed class ptrs, g1 gc, windows-amd64)
GC Precious Log:
 CPUs: 8 total, 8 available
 Memory: 6020M
 Large Page Support: Disabled
 NUMA Support: Disabled
 Compressed Oops: Enabled (Zero based)
 Heap Region Size: 2M
 Heap Min Capacity: 8M
 Heap Initial Capacity: 96M
 Heap Max Capacity: 3G
 Pre-touch: Disabled
 Parallel Workers: 8
 Concurrent Workers: 2
 Concurrent Refinement Workers: 8
 Periodic GC: Disabled
Heap:
 garbage-first heap   total 90112K, used 51367K [0x0000000740000000, 0x0000000800000000)
  region size 2048K, 2 young (4096K), 1 survivors (2048K)
 Metaspace       used 56838K, committed 57344K, reserved 1105920K
  class space    used 7697K, committed 7936K, reserved 1048576K
GC Heap History (20 events):
Event: 24.294 GC heap before
{Heap before GC invocations=14 (full 0):
 garbage-first heap   total 90112K, used 67868K [0x0000000740000000, 0x0000000800000000)
  region size 2048K, 17 young (34816K), 3 survivors (6144K)
 Metaspace       used 50738K, committed 51264K, reserved 1097728K
  class space    used 6873K, committed 7104K, reserved 1048576K
}
Event: 24.302 GC heap after
{Heap after GC invocations=15 (full 0):
 garbage-first heap   total 90112K, used 41879K [0x0000000740000000, 0x0000000800000000)
  region size 2048K, 2 young (4096K), 2 survivors (4096K)
 Metaspace       used 50738K, committed 51264K, reserved 1097728K
  class space    used 6873K, committed 7104K, reserved 1048576K
}
Event: 25.308 GC heap before
{Heap before GC invocations=15 (full 0):
 garbage-first heap   total 90112K, used 68503K [0x0000000740000000, 0x0000000800000000)
  region size 2048K, 15 young (30720K), 2 survivors (4096K)
 Metaspace       used 51641K, committed 52224K, reserved 1097728K
  class space    used 7026K, committed 7296K, reserved 1048576K
}
Event: 25.322 GC heap after
{Heap after GC invocations=16 (full 0):
 garbage-first heap   total 90112K, used 45078K [0x0000000740000000, 0x0000000800000000)
  region size 2048K, 2 young (4096K), 2 survivors (4096K)
 Metaspace       used 51641K, committed 52224K, reserved 1097728K
  class space    used 7026K, committed 7296K, reserved 1048576K
}
Event: 26.805 GC heap before
{Heap before GC invocations=17 (full 0):
 garbage-first heap   total 90112K, used 75798K [0x0000000740000000, 0x0000000800000000)
  region size 2048K, 14 young (28672K), 2 survivors (4096K)
 Metaspace       used 53045K, committed 53568K, reserved 1097728K
  class space    used 7236K, committed 7488K, reserved 1048576K
}
Event: 26.810 GC heap after
{Heap after GC invocations=18 (full 0):
 garbage-first heap   total 90112K, used 46518K [0x0000000740000000, 0x0000000800000000)
  region size 2048K, 1 young (2048K), 1 survivors (2048K)
 Metaspace       used 53045K, committed 53568K, reserved 1097728K
  class space    used 7236K, committed 7488K, reserved 1048576K
}
Event: 26.853 GC heap before
{Heap before GC invocations=18 (full 0):
 garbage-first heap   total 90112K, used 48566K [0x0000000740000000, 0x0000000800000000)
  region size 2048K, 2 young (4096K), 1 survivors (2048K)
 Metaspace       used 53046K, committed 53568K, reserved 1097728K
  class space    used 7236K, committed 7488K, reserved 1048576K
}
Event: 26.858 GC heap after
{Heap after GC invocations=19 (full 0):
 garbage-first heap   total 90112K, used 46100K [0x0000000740000000, 0x0000000800000000)
  region size 2048K, 1 young (2048K), 1 survivors (2048K)
 Metaspace       used 53046K, committed 53568K, reserved 1097728K
  class space    used 7236K, committed 7488K, reserved 1048576K
}
Event: 32.843 GC heap before
{Heap before GC invocations=19 (full 0):
 garbage-first heap   total 90112K, used 80916K [0x0000000740000000, 0x0000000800000000)
  region size 2048K, 12 young (24576K), 1 survivors (2048K)
 Metaspace       used 54774K, committed 55296K, reserved 1097728K
  class space    used 7500K, committed 7744K, reserved 1048576K
}
Event: 32.850 GC heap after
{Heap after GC invocations=20 (full 0):
 garbage-first heap   total 90112K, used 47494K [0x0000000740000000, 0x0000000800000000)
  region size 2048K, 1 young (2048K), 1 survivors (2048K)
 Metaspace       used 54774K, committed 55296K, reserved 1097728K
  class space    used 7500K, committed 7744K, reserved 1048576K
}
Event: 36.462 GC heap before
{Heap before GC invocations=21 (full 0):
 garbage-first heap   total 90112K, used 61830K [0x0000000740000000, 0x0000000800000000)
  region size 2048K, 7 young (14336K), 1 survivors (2048K)
 Metaspace       used 56046K, committed 56576K, reserved 1097728K
  class space    used 7622K, committed 7872K, reserved 1048576K
}
Event: 36.466 GC heap after
{Heap after GC invocations=22 (full 0):
 garbage-first heap   total 90112K, used 48262K [0x0000000740000000, 0x0000000800000000)
  region size 2048K, 2 young (4096K), 2 survivors (4096K)
 Metaspace       used 56046K, committed 56576K, reserved 1097728K
  class space    used 7622K, committed 7872K, reserved 1048576K
}
Event: 38.239 GC heap before
{Heap before GC invocations=22 (full 0):
 garbage-first heap   total 90112K, used 76934K [0x0000000740000000, 0x0000000800000000)
  region size 2048K, 8 young (16384K), 2 survivors (4096K)
 Metaspace       used 56380K, committed 56960K, reserved 1105920K
  class space    used 7638K, committed 7872K, reserved 1048576K
}
Event: 38.245 GC heap after
{Heap after GC invocations=23 (full 0):
 garbage-first heap   total 90112K, used 49063K [0x0000000740000000, 0x0000000800000000)
  region size 2048K, 1 young (2048K), 1 survivors (2048K)
 Metaspace       used 56380K, committed 56960K, reserved 1105920K
  class space    used 7638K, committed 7872K, reserved 1048576K
}
Event: 38.331 GC heap before
{Heap before GC invocations=23 (full 0):
 garbage-first heap   total 90112K, used 71591K [0x0000000740000000, 0x0000000800000000)
  region size 2048K, 3 young (6144K), 1 survivors (2048K)
 Metaspace       used 56400K, committed 56960K, reserved 1105920K
  class space    used 7638K, committed 7872K, reserved 1048576K
}
Event: 38.335 GC heap after
{Heap after GC invocations=24 (full 0):
 garbage-first heap   total 90112K, used 49045K [0x0000000740000000, 0x0000000800000000)
  region size 2048K, 1 young (2048K), 1 survivors (2048K)
 Metaspace       used 56400K, committed 56960K, reserved 1105920K
  class space    used 7638K, committed 7872K, reserved 1048576K
}
Event: 38.350 GC heap before
{Heap before GC invocations=24 (full 0):
 garbage-first heap   total 90112K, used 51093K [0x0000000740000000, 0x0000000800000000)
  region size 2048K, 2 young (4096K), 1 survivors (2048K)
 Metaspace       used 56405K, committed 56960K, reserved 1105920K
  class space    used 7638K, committed 7872K, reserved 1048576K
}
Event: 38.353 GC heap after
{Heap after GC invocations=25 (full 0):
 garbage-first heap   total 90112K, used 48931K [0x0000000740000000, 0x0000000800000000)
  region size 2048K, 1 young (2048K), 1 survivors (2048K)
 Metaspace       used 56405K, committed 56960K, reserved 1105920K
  class space    used 7638K, committed 7872K, reserved 1048576K
}
Event: 38.415 GC heap before
{Heap before GC invocations=25 (full 0):
 garbage-first heap   total 90112K, used 71459K [0x0000000740000000, 0x0000000800000000)
  region size 2048K, 3 young (6144K), 1 survivors (2048K)
 Metaspace       used 56426K, committed 56960K, reserved 1105920K
  class space    used 7638K, committed 7872K, reserved 1048576K
}
Event: 38.419 GC heap after
{Heap after GC invocations=26 (full 0):
 garbage-first heap   total 90112K, used 49032K [0x0000000740000000, 0x0000000800000000)
  region size 2048K, 1 young (2048K), 1 survivors (2048K)
 Metaspace       used 56426K, committed 56960K, reserved 1105920K
  class space    used 7638K, committed 7872K, reserved 1048576K
}

