# JRE version: OpenJDK Runtime Environment Temurin-16.0.2+7 (16.0.2+7) (build 16.0.2+7)
# Java VM: OpenJDK 64-Bit Server VM Temurin-16.0.2+7 (16.0.2+7, mixed mode, sharing, tiered, compressed oops, compressed class ptrs, g1 gc, windows-amd64)
GC Precious Log:
 CPUs: 8 total, 8 available
 Memory: 6020M
 Large Page Support: Disabled
 NUMA Support: Disabled
 Compressed Oops: Enabled (Zero based)
 Heap Region Size: 2M
 Heap Min Capacity: 8M
 Heap Initial Capacity: 96M
 Heap Max Capacity: 3G
 Pre-touch: Disabled
 Parallel Workers: 8
 Concurrent Workers: 2
 Concurrent Refinement Workers: 8
 Periodic GC: Disabled
Heap:
 garbage-first heap   total 366592K, used 210262K [0x0000000740000000, 0x0000000800000000)
  region size 2048K, 3 young (6144K), 3 survivors (6144K)
 Metaspace       used 61104K, committed 61632K, reserved 1105920K
  class space    used 8056K, committed 8320K, reserved 1048576K
GC Heap History (20 events):
Event: 29.999 GC heap after
{Heap after GC invocations=25 (full 0):
 garbage-first heap   total 163840K, used 49661K [0x0000000740000000, 0x0000000800000000)
  region size 2048K, 3 young (6144K), 3 survivors (6144K)
 Metaspace       used 57891K, committed 58432K, reserved 1105920K
  class space    used 7595K, committed 7872K, reserved 1048576K
}
Event: 30.286 GC heap before
{Heap before GC invocations=25 (full 0):
 garbage-first heap   total 163840K, used 74237K [0x0000000740000000, 0x0000000800000000)
  region size 2048K, 4 young (8192K), 3 survivors (6144K)
 Metaspace       used 57953K, committed 58496K, reserved 1105920K
  class space    used 7595K, committed 7872K, reserved 1048576K
}
Event: 30.294 GC heap after
{Heap after GC invocations=26 (full 0):
 garbage-first heap   total 163840K, used 49763K [0x0000000740000000, 0x0000000800000000)
  region size 2048K, 3 young (6144K), 3 survivors (6144K)
 Metaspace       used 57953K, committed 58496K, reserved 1105920K
  class space    used 7595K, committed 7872K, reserved 1048576K
}
Event: 30.403 GC heap before
{Heap before GC invocations=26 (full 0):
 garbage-first heap   total 163840K, used 74339K [0x0000000740000000, 0x0000000800000000)
  region size 2048K, 4 young (8192K), 3 survivors (6144K)
 Metaspace       used 57954K, committed 58496K, reserved 1105920K
  class space    used 7595K, committed 7872K, reserved 1048576K
}
Event: 30.409 GC heap after
{Heap after GC invocations=27 (full 0):
 garbage-first heap   total 241664K, used 49653K [0x0000000740000000, 0x0000000800000000)
  region size 2048K, 3 young (6144K), 3 survivors (6144K)
 Metaspace       used 57954K, committed 58496K, reserved 1105920K
  class space    used 7595K, committed 7872K, reserved 1048576K
}
Event: 31.007 GC heap before
{Heap before GC invocations=27 (full 0):
 garbage-first heap   total 241664K, used 113141K [0x0000000740000000, 0x0000000800000000)
  region size 2048K, 6 young (12288K), 3 survivors (6144K)
 Metaspace       used 58107K, committed 58688K, reserved 1105920K
  class space    used 7595K, committed 7872K, reserved 1048576K
}
Event: 31.016 GC heap after
{Heap after GC invocations=28 (full 0):
 garbage-first heap   total 241664K, used 51728K [0x0000000740000000, 0x0000000800000000)
  region size 2048K, 3 young (6144K), 3 survivors (6144K)
 Metaspace       used 58107K, committed 58688K, reserved 1105920K
  class space    used 7595K, committed 7872K, reserved 1048576K
}
Event: 31.259 GC heap before
{Heap before GC invocations=28 (full 0):
 garbage-first heap   total 241664K, used 111120K [0x0000000740000000, 0x0000000800000000)
  region size 2048K, 6 young (12288K), 3 survivors (6144K)
 Metaspace       used 58115K, committed 58688K, reserved 1105920K
  class space    used 7595K, committed 7872K, reserved 1048576K
}
Event: 31.267 GC heap after
{Heap after GC invocations=29 (full 0):
 garbage-first heap   total 241664K, used 49681K [0x0000000740000000, 0x0000000800000000)
  region size 2048K, 3 young (6144K), 3 survivors (6144K)
 Metaspace       used 58115K, committed 58688K, reserved 1105920K
  class space    used 7595K, committed 7872K, reserved 1048576K
}
Event: 35.222 GC heap before
{Heap before GC invocations=29 (full 0):
 garbage-first heap   total 241664K, used 193041K [0x0000000740000000, 0x0000000800000000)
  region size 2048K, 70 young (143360K), 3 survivors (6144K)
 Metaspace       used 60975K, committed 61440K, reserved 1105920K
  class space    used 8042K, committed 8256K, reserved 1048576K
}
Event: 35.280 GC heap after
{Heap after GC invocations=30 (full 0):
 garbage-first heap   total 260096K, used 106317K [0x0000000740000000, 0x0000000800000000)
  region size 2048K, 9 young (18432K), 9 survivors (18432K)
 Metaspace       used 60975K, committed 61440K, reserved 1105920K
  class space    used 8042K, committed 8256K, reserved 1048576K
}
Event: 35.755 GC heap before
{Heap before GC invocations=30 (full 0):
 garbage-first heap   total 260096K, used 173901K [0x0000000740000000, 0x0000000800000000)
  region size 2048K, 42 young (86016K), 9 survivors (18432K)
 Metaspace       used 61093K, committed 61632K, reserved 1105920K
  class space    used 8056K, committed 8320K, reserved 1048576K
}
Event: 35.819 GC heap after
{Heap after GC invocations=31 (full 0):
 garbage-first heap   total 313344K, used 147018K [0x0000000740000000, 0x0000000800000000)
  region size 2048K, 6 young (12288K), 6 survivors (12288K)
 Metaspace       used 61093K, committed 61632K, reserved 1105920K
  class space    used 8056K, committed 8320K, reserved 1048576K
}
Event: 36.478 GC heap before
{Heap before GC invocations=31 (full 0):
 garbage-first heap   total 313344K, used 206410K [0x0000000740000000, 0x0000000800000000)
  region size 2048K, 36 young (73728K), 6 survivors (12288K)
 Metaspace       used 61096K, committed 61632K, reserved 1105920K
  class space    used 8056K, committed 8320K, reserved 1048576K
}
Event: 36.516 GC heap after
{Heap after GC invocations=32 (full 0):
 garbage-first heap   total 313344K, used 176952K [0x0000000740000000, 0x0000000800000000)
  region size 2048K, 5 young (10240K), 5 survivors (10240K)
 Metaspace       used 61096K, committed 61632K, reserved 1105920K
  class space    used 8056K, committed 8320K, reserved 1048576K
}
Event: 36.698 GC heap before
{Heap before GC invocations=32 (full 0):
 garbage-first heap   total 313344K, used 224056K [0x0000000740000000, 0x0000000800000000)
  region size 2048K, 28 young (57344K), 5 survivors (10240K)
 Metaspace       used 61096K, committed 61632K, reserved 1105920K
  class space    used 8056K, committed 8320K, reserved 1048576K
}
Event: 36.718 GC heap after
{Heap after GC invocations=33 (full 0):
 garbage-first heap   total 313344K, used 190805K [0x0000000740000000, 0x0000000800000000)
  region size 2048K, 4 young (8192K), 4 survivors (8192K)
 Metaspace       used 61096K, committed 61632K, reserved 1105920K
  class space    used 8056K, committed 8320K, reserved 1048576K
}
Event: 36.914 GC heap before
{Heap before GC invocations=33 (full 0):
 garbage-first heap   total 313344K, used 233813K [0x0000000740000000, 0x0000000800000000)
  region size 2048K, 25 young (51200K), 4 survivors (8192K)
 Metaspace       used 61104K, committed 61632K, reserved 1105920K
  class space    used 8056K, committed 8320K, reserved 1048576K
}
Event: 36.929 GC heap after
{Heap after GC invocations=34 (full 0):
 garbage-first heap   total 313344K, used 200731K [0x0000000740000000, 0x0000000800000000)
  region size 2048K, 4 young (8192K), 4 survivors (8192K)
 Metaspace       used 61104K, committed 61632K, reserved 1105920K
  class space    used 8056K, committed 8320K, reserved 1048576K
}
Event: 37.176 GC heap before
{Heap before GC invocations=34 (full 0):
 garbage-first heap   total 366592K, used 241691K [0x0000000740000000, 0x0000000800000000)
  region size 2048K, 24 young (49152K), 4 survivors (8192K)
 Metaspace       used 61104K, committed 61632K, reserved 1105920K
  class space    used 8056K, committed 8320K, reserved 1048576K
}

