# JRE version: OpenJDK Runtime Environment Corretto-17.0.4.8.1 (17.0.4+8) (build 17.0.4+8-LTS)
# Java VM: OpenJDK 64-Bit Server VM Corretto-17.0.4.8.1 (17.0.4+8-LTS, mixed mode, sharing, tiered, compressed oops, compressed class ptrs, g1 gc, windows-amd64)
GC Precious Log:
 CPUs: 8 total, 8 available
 Memory: 6020M
 Large Page Support: Disabled
 NUMA Support: Disabled
 Compressed Oops: Enabled (Zero based)
 Heap Region Size: 2M
 Heap Min Capacity: 8M
 Heap Initial Capacity: 96M
 Heap Max Capacity: 3G
 Pre-touch: Disabled
 Parallel Workers: 8
 Concurrent Workers: 2
 Concurrent Refinement Workers: 8
 Periodic GC: Disabled
Heap:
 garbage-first heap   total 260096K, used 119040K [0x0000000740000000, 0x0000000800000000)
  region size 2048K, 2 young (4096K), 2 survivors (4096K)
 Metaspace       used 58709K, committed 59328K, reserved 1105920K
  class space    used 8018K, committed 8256K, reserved 1048576K
GC Heap History (20 events):
Event: 14.646 GC heap after
{Heap after GC invocations=33 (full 0):
 garbage-first heap   total 215040K, used 115835K [0x0000000740000000, 0x0000000800000000)
  region size 2048K, 1 young (2048K), 1 survivors (2048K)
 Metaspace       used 55268K, committed 55872K, reserved 1097728K
  class space    used 7593K, committed 7872K, reserved 1048576K
}
Event: 14.731 GC heap before
{Heap before GC invocations=34 (full 0):
 garbage-first heap   total 215040K, used 119931K [0x0000000740000000, 0x0000000800000000)
  region size 2048K, 2 young (4096K), 1 survivors (2048K)
 Metaspace       used 55396K, committed 56000K, reserved 1097728K
  class space    used 7605K, committed 7872K, reserved 1048576K
}
Event: 14.733 GC heap after
{Heap after GC invocations=35 (full 0):
 garbage-first heap   total 215040K, used 115780K [0x0000000740000000, 0x0000000800000000)
  region size 2048K, 1 young (2048K), 1 survivors (2048K)
 Metaspace       used 55396K, committed 56000K, reserved 1097728K
  class space    used 7605K, committed 7872K, reserved 1048576K
}
Event: 14.833 GC heap before
{Heap before GC invocations=36 (full 0):
 garbage-first heap   total 215040K, used 123972K [0x0000000740000000, 0x0000000800000000)
  region size 2048K, 2 young (4096K), 1 survivors (2048K)
 Metaspace       used 55414K, committed 56000K, reserved 1097728K
  class space    used 7606K, committed 7872K, reserved 1048576K
}
Event: 14.835 GC heap after
{Heap after GC invocations=37 (full 0):
 garbage-first heap   total 215040K, used 115753K [0x0000000740000000, 0x0000000800000000)
  region size 2048K, 1 young (2048K), 1 survivors (2048K)
 Metaspace       used 55414K, committed 56000K, reserved 1097728K
  class space    used 7606K, committed 7872K, reserved 1048576K
}
Event: 16.004 GC heap before
{Heap before GC invocations=38 (full 0):
 garbage-first heap   total 215040K, used 140329K [0x0000000740000000, 0x0000000800000000)
  region size 2048K, 13 young (26624K), 1 survivors (2048K)
 Metaspace       used 57059K, committed 57664K, reserved 1105920K
  class space    used 7859K, committed 8128K, reserved 1048576K
}
Event: 16.009 GC heap after
{Heap after GC invocations=39 (full 0):
 garbage-first heap   total 215040K, used 117469K [0x0000000740000000, 0x0000000800000000)
  region size 2048K, 2 young (4096K), 2 survivors (4096K)
 Metaspace       used 57059K, committed 57664K, reserved 1105920K
  class space    used 7859K, committed 8128K, reserved 1048576K
}
Event: 16.225 GC heap before
{Heap before GC invocations=40 (full 0):
 garbage-first heap   total 215040K, used 125661K [0x0000000740000000, 0x0000000800000000)
  region size 2048K, 5 young (10240K), 2 survivors (4096K)
 Metaspace       used 57985K, committed 58560K, reserved 1105920K
  class space    used 7944K, committed 8192K, reserved 1048576K
}
Event: 16.228 GC heap after
{Heap after GC invocations=41 (full 0):
 garbage-first heap   total 215040K, used 117796K [0x0000000740000000, 0x0000000800000000)
  region size 2048K, 2 young (4096K), 2 survivors (4096K)
 Metaspace       used 57985K, committed 58560K, reserved 1105920K
  class space    used 7944K, committed 8192K, reserved 1048576K
}
Event: 16.709 GC heap before
{Heap before GC invocations=42 (full 0):
 garbage-first heap   total 239616K, used 148516K [0x0000000740000000, 0x0000000800000000)
  region size 2048K, 8 young (16384K), 2 survivors (4096K)
 Metaspace       used 58272K, committed 58880K, reserved 1105920K
  class space    used 7960K, committed 8192K, reserved 1048576K
}
Event: 16.714 GC heap after
{Heap after GC invocations=43 (full 0):
 garbage-first heap   total 239616K, used 118507K [0x0000000740000000, 0x0000000800000000)
  region size 2048K, 2 young (4096K), 2 survivors (4096K)
 Metaspace       used 58272K, committed 58880K, reserved 1105920K
  class space    used 7960K, committed 8192K, reserved 1048576K
}
Event: 16.819 GC heap before
{Heap before GC invocations=44 (full 0):
 garbage-first heap   total 260096K, used 153323K [0x0000000740000000, 0x0000000800000000)
  region size 2048K, 9 young (18432K), 2 survivors (4096K)
 Metaspace       used 58305K, committed 58880K, reserved 1105920K
  class space    used 7960K, committed 8192K, reserved 1048576K
}
Event: 16.823 GC heap after
{Heap after GC invocations=45 (full 0):
 garbage-first heap   total 260096K, used 118481K [0x0000000740000000, 0x0000000800000000)
  region size 2048K, 2 young (4096K), 2 survivors (4096K)
 Metaspace       used 58305K, committed 58880K, reserved 1105920K
  class space    used 7960K, committed 8192K, reserved 1048576K
}
Event: 16.859 GC heap before
{Heap before GC invocations=45 (full 0):
 garbage-first heap   total 260096K, used 138961K [0x0000000740000000, 0x0000000800000000)
  region size 2048K, 3 young (6144K), 2 survivors (4096K)
 Metaspace       used 58305K, committed 58880K, reserved 1105920K
  class space    used 7960K, committed 8192K, reserved 1048576K
}
Event: 16.862 GC heap after
{Heap after GC invocations=46 (full 0):
 garbage-first heap   total 260096K, used 118544K [0x0000000740000000, 0x0000000800000000)
  region size 2048K, 2 young (4096K), 2 survivors (4096K)
 Metaspace       used 58305K, committed 58880K, reserved 1105920K
  class space    used 7960K, committed 8192K, reserved 1048576K
}
Event: 16.970 GC heap before
{Heap before GC invocations=46 (full 0):
 garbage-first heap   total 260096K, used 128784K [0x0000000740000000, 0x0000000800000000)
  region size 2048K, 5 young (10240K), 2 survivors (4096K)
 Metaspace       used 58683K, committed 59264K, reserved 1105920K
  class space    used 8018K, committed 8256K, reserved 1048576K
}
Event: 16.975 GC heap after
{Heap after GC invocations=47 (full 0):
 garbage-first heap   total 260096K, used 118844K [0x0000000740000000, 0x0000000800000000)
  region size 2048K, 2 young (4096K), 2 survivors (4096K)
 Metaspace       used 58683K, committed 59264K, reserved 1105920K
  class space    used 8018K, committed 8256K, reserved 1048576K
}
Event: 16.980 GC heap before
{Heap before GC invocations=47 (full 0):
 garbage-first heap   total 260096K, used 120892K [0x0000000740000000, 0x0000000800000000)
  region size 2048K, 3 young (6144K), 2 survivors (4096K)
 Metaspace       used 58683K, committed 59264K, reserved 1105920K
  class space    used 8018K, committed 8256K, reserved 1048576K
}
Event: 16.984 GC heap after
{Heap after GC invocations=48 (full 0):
 garbage-first heap   total 260096K, used 119029K [0x0000000740000000, 0x0000000800000000)
  region size 2048K, 2 young (4096K), 2 survivors (4096K)
 Metaspace       used 58683K, committed 59264K, reserved 1105920K
  class space    used 8018K, committed 8256K, reserved 1048576K
}
Event: 17.022 GC heap before
{Heap before GC invocations=48 (full 0):
 garbage-first heap   total 260096K, used 123125K [0x0000000740000000, 0x0000000800000000)
  region size 2048K, 3 young (6144K), 2 survivors (4096K)
 Metaspace       used 58709K, committed 59328K, reserved 1105920K
  class space    used 8018K, committed 8256K, reserved 1048576K
}

